<?xml version="1.0" encoding="UTF-8"?>
<robot generator="Robot 3.2.2 (Python 3.11.3 on win32)" generated="20230410 13:47:55.190" rpa="false">
<suite id="s1" name="Pro" source="C:\Users\Dell\eclipse-workspace\pro">
<suite id="s1-s1" name="Tests" source="C:\Users\Dell\eclipse-workspace\pro\Tests">
<suite id="s1-s1-s1" name="Fisrttest" source="C:\Users\Dell\eclipse-workspace\pro\Tests\fisrttest.robot">
<test id="s1-s1-s1-t1" name="Acceder a la page d accueil">
<kw name="Open navigateurChrome">
<kw name="Open Browser" library="SeleniumLibrary">
<doc>Opens a new browser instance to the optional ``url``.</doc>
<arguments>
<arg>${URL_SIM}</arg>
<arg>${browser1}</arg>
</arguments>
<msg timestamp="20230410 13:47:55.677" level="INFO">Opening browser 'chrome' to base url 'https://sim.97.preprod.instant-system.com/fr/'.</msg>
<status status="PASS" starttime="20230410 13:47:55.676" endtime="20230410 13:47:59.286"></status>
</kw>
<kw name="Maximize Browser Window" library="SeleniumLibrary">
<doc>Maximizes current browser window.</doc>
<status status="PASS" starttime="20230410 13:47:59.287" endtime="20230410 13:47:59.421"></status>
</kw>
<status status="PASS" starttime="20230410 13:47:55.675" endtime="20230410 13:47:59.421"></status>
</kw>
<kw name="Set Browser Implicit Wait" library="SeleniumLibrary">
<doc>Sets the implicit wait value used by Selenium.</doc>
<arguments>
<arg>5</arg>
</arguments>
<status status="PASS" starttime="20230410 13:47:59.422" endtime="20230410 13:47:59.424"></status>
</kw>
<kw name="Click Element" library="SeleniumLibrary">
<doc>Click the element identified by ``locator``.</doc>
<arguments>
<arg>is-TabLink_Schedule</arg>
</arguments>
<msg timestamp="20230410 13:47:59.425" level="INFO">Clicking element 'is-TabLink_Schedule'.</msg>
<status status="PASS" starttime="20230410 13:47:59.425" endtime="20230410 13:47:59.539"></status>
</kw>
<kw name="Page Should Contain Element" library="SeleniumLibrary">
<doc>Verifies that element ``locator`` is found on the current page.</doc>
<arguments>
<arg>is-SchedulesInput</arg>
</arguments>
<msg timestamp="20230410 13:47:59.568" level="INFO">Current page contains element 'is-SchedulesInput'.</msg>
<status status="PASS" starttime="20230410 13:47:59.540" endtime="20230410 13:47:59.568"></status>
</kw>
<kw name="Click Element" library="SeleniumLibrary">
<doc>Click the element identified by ``locator``.</doc>
<arguments>
<arg>is-SchedulesInput</arg>
</arguments>
<msg timestamp="20230410 13:47:59.568" level="INFO">Clicking element 'is-SchedulesInput'.</msg>
<status status="PASS" starttime="20230410 13:47:59.568" endtime="20230410 13:47:59.636"></status>
</kw>
<kw name="Input Text" library="SeleniumLibrary">
<doc>Types the given ``text`` into the text field identified by ``locator``.</doc>
<arguments>
<arg>is-SchedulesInput</arg>
<arg>a</arg>
</arguments>
<msg timestamp="20230410 13:47:59.637" level="INFO">Typing text 'a' into text field 'is-SchedulesInput'.</msg>
<status status="PASS" starttime="20230410 13:47:59.636" endtime="20230410 13:47:59.717"></status>
</kw>
<kw name="Sleep" library="BuiltIn">
<doc>Pauses the test executed for the given time.</doc>
<arguments>
<arg>2</arg>
</arguments>
<msg timestamp="20230410 13:48:01.718" level="INFO">Slept 2 seconds</msg>
<status status="PASS" starttime="20230410 13:47:59.717" endtime="20230410 13:48:01.719"></status>
</kw>
<status status="PASS" starttime="20230410 13:47:55.673" endtime="20230410 13:48:01.721" critical="yes"></status>
</test>
<doc>Test case pour expliquer les sections
sous Robot Framework</doc>
<status status="PASS" starttime="20230410 13:47:55.242" endtime="20230410 13:48:01.729"></status>
</suite>
<status status="PASS" starttime="20230410 13:47:55.239" endtime="20230410 13:48:01.753"></status>
</suite>
<status status="PASS" starttime="20230410 13:47:55.219" endtime="20230410 13:48:01.767"></status>
</suite>
<statistics>
<total>
<stat pass="1" fail="0">Critical Tests</stat>
<stat pass="1" fail="0">All Tests</stat>
</total>
<tag>
</tag>
<suite>
<stat pass="1" fail="0" id="s1" name="Pro">Pro</stat>
<stat pass="1" fail="0" id="s1-s1" name="Tests">Pro.Tests</stat>
<stat pass="1" fail="0" id="s1-s1-s1" name="Fisrttest">Pro.Tests.Fisrttest</stat>
</suite>
</statistics>
<errors>
</errors>
</robot>
